0 info it worked if it ends with ok
1 verbose cli [ '/usr/local/bin/node',
1 verbose cli   '/usr/local/bin/npm',
1 verbose cli   'install',
1 verbose cli   '-g',
1 verbose cli   'nvm' ]
2 info using npm@2.15.1
3 info using node@v4.4.3
4 verbose install initial load of /usr/local/lib/package.json
5 verbose readDependencies loading dependencies from /usr/local/lib/package.json
6 silly cache add args [ 'nvm', null ]
7 verbose cache add spec nvm
8 silly cache add parsed spec Result {
8 silly cache add   raw: 'nvm',
8 silly cache add   scope: null,
8 silly cache add   name: 'nvm',
8 silly cache add   rawSpec: '',
8 silly cache add   spec: 'latest',
8 silly cache add   type: 'tag' }
9 silly addNamed nvm@latest
10 verbose addNamed "latest" is being treated as a dist-tag for nvm
11 info addNameTag [ 'nvm', 'latest' ]
12 silly mapToRegistry name nvm
13 silly mapToRegistry using default registry
14 silly mapToRegistry registry https://registry.npmjs.org/
15 silly mapToRegistry data Result {
15 silly mapToRegistry   raw: 'nvm',
15 silly mapToRegistry   scope: null,
15 silly mapToRegistry   name: 'nvm',
15 silly mapToRegistry   rawSpec: '',
15 silly mapToRegistry   spec: 'latest',
15 silly mapToRegistry   type: 'tag' }
16 silly mapToRegistry uri https://registry.npmjs.org/nvm
17 verbose addNameTag registry:https://registry.npmjs.org/nvm not in flight; fetching
18 verbose request uri https://registry.npmjs.org/nvm
19 verbose request no auth needed
20 info attempt registry request try #1 at 2:39:12 PM
21 verbose request id f2ebb407d3a992b3
22 http request GET https://registry.npmjs.org/nvm
23 http 200 https://registry.npmjs.org/nvm
24 verbose headers { date: 'Wed, 11 Dec 2019 22:39:12 GMT',
24 verbose headers   'content-type': 'application/json',
24 verbose headers   'transfer-encoding': 'chunked',
24 verbose headers   connection: 'keep-alive',
24 verbose headers   'set-cookie': [ '__cfduid=daf9e2f57d0593aef100cdc8bc5b5dd441576103952; expires=Fri, 10-Jan-20 22:39:12 GMT; path=/; domain=.npmjs.org; HttpOnly' ],
24 verbose headers   'cf-ray': '543af4085875964e-SJC',
24 verbose headers   age: '1289',
24 verbose headers   'cache-control': 'public, max-age=300',
24 verbose headers   etag: 'W/"ce2979bc5b4f9f8a496c4164eb4fc82f"',
24 verbose headers   'last-modified': 'Fri, 29 Nov 2019 09:32:44 GMT',
24 verbose headers   vary: 'accept-encoding, accept',
24 verbose headers   'cf-cache-status': 'HIT',
24 verbose headers   'expect-ct': 'max-age=604800, report-uri="https://report-uri.cloudflare.com/cdn-cgi/beacon/expect-ct"',
24 verbose headers   server: 'cloudflare',
24 verbose headers   'content-encoding': 'gzip' }
25 silly get cb [ 200,
25 silly get   { date: 'Wed, 11 Dec 2019 22:39:12 GMT',
25 silly get     'content-type': 'application/json',
25 silly get     'transfer-encoding': 'chunked',
25 silly get     connection: 'keep-alive',
25 silly get     'set-cookie': [ '__cfduid=daf9e2f57d0593aef100cdc8bc5b5dd441576103952; expires=Fri, 10-Jan-20 22:39:12 GMT; path=/; domain=.npmjs.org; HttpOnly' ],
25 silly get     'cf-ray': '543af4085875964e-SJC',
25 silly get     age: '1289',
25 silly get     'cache-control': 'public, max-age=300',
25 silly get     etag: 'W/"ce2979bc5b4f9f8a496c4164eb4fc82f"',
25 silly get     'last-modified': 'Fri, 29 Nov 2019 09:32:44 GMT',
25 silly get     vary: 'accept-encoding, accept',
25 silly get     'cf-cache-status': 'HIT',
25 silly get     'expect-ct': 'max-age=604800, report-uri="https://report-uri.cloudflare.com/cdn-cgi/beacon/expect-ct"',
25 silly get     server: 'cloudflare',
25 silly get     'content-encoding': 'gzip' } ]
26 verbose get saving nvm to /Users/hackreactor/.npm/registry.npmjs.org/nvm/.cache.json
27 verbose correctMkdir /Users/hackreactor/.npm correctMkdir not in flight; initializing
28 silly addNameTag next cb for nvm with tag latest
29 silly addNamed nvm@0.0.4
30 verbose addNamed "0.0.4" is a plain semver version for nvm
31 warn deprecated nvm@0.0.4: This is NOT the correct nvm. Visit http://nvm.sh and use the curl command to install it.
32 silly mapToRegistry name nvm
33 silly mapToRegistry using default registry
34 silly mapToRegistry registry https://registry.npmjs.org/
35 silly mapToRegistry data Result {
35 silly mapToRegistry   raw: 'nvm',
35 silly mapToRegistry   scope: null,
35 silly mapToRegistry   name: 'nvm',
35 silly mapToRegistry   rawSpec: '',
35 silly mapToRegistry   spec: 'latest',
35 silly mapToRegistry   type: 'tag' }
36 silly mapToRegistry uri https://registry.npmjs.org/nvm
37 verbose addRemoteTarball https://registry.npmjs.org/nvm/-/nvm-0.0.4.tgz not in flight; adding
38 verbose addRemoteTarball [ 'https://registry.npmjs.org/nvm/-/nvm-0.0.4.tgz',
38 verbose addRemoteTarball   '38a178e9d31b283508c92d15c9da861d1a9210bc' ]
39 info retry fetch attempt 1 at 2:39:12 PM
40 info attempt registry request try #1 at 2:39:12 PM
41 http fetch GET https://registry.npmjs.org/nvm/-/nvm-0.0.4.tgz
42 http fetch 200 https://registry.npmjs.org/nvm/-/nvm-0.0.4.tgz
43 silly fetchAndShaCheck shasum 38a178e9d31b283508c92d15c9da861d1a9210bc
44 verbose addTmpTarball /var/folders/85/54p5y14d25z90fjf4g09qjdh0000gp/T/npm-12274-8dfd2391/registry.npmjs.org/nvm/-/nvm-0.0.4.tgz not in flight; adding
45 verbose addTmpTarball already have metadata; skipping unpack for nvm@0.0.4
46 verbose correctMkdir /Users/hackreactor/.npm correctMkdir not in flight; initializing
47 silly cache afterAdd nvm@0.0.4
48 verbose afterAdd /Users/hackreactor/.npm/nvm/0.0.4/package/package.json not in flight; writing
49 verbose correctMkdir /Users/hackreactor/.npm correctMkdir not in flight; initializing
50 verbose afterAdd /Users/hackreactor/.npm/nvm/0.0.4/package/package.json written
51 silly install resolved [ { name: 'nvm',
51 silly install resolved     version: '0.0.4',
51 silly install resolved     description: 'Please use http://nvm.sh instead',
51 silly install resolved     dependencies: {},
51 silly install resolved     devDependencies: {},
51 silly install resolved     bin: { nvm: './bin/nvm' },
51 silly install resolved     scripts: { test: 'echo "Error: no test specified" && exit 1' },
51 silly install resolved     repository: { type: 'git', url: 'git://github.com/creationix/nvm.git' },
51 silly install resolved     keywords: [ 'local', 'node' ],
51 silly install resolved     author: { name: 'Jordan Harband', email: 'ljharb@gmail.com' },
51 silly install resolved     license: 'http://wtfpl.org/',
51 silly install resolved     bugs: { url: 'https://github.com/creationix/nvm/issues' },
51 silly install resolved     homepage: 'https://github.com/creationix/nvm#readme',
51 silly install resolved     _id: 'nvm@0.0.4',
51 silly install resolved     _shasum: '38a178e9d31b283508c92d15c9da861d1a9210bc',
51 silly install resolved     _from: 'nvm@latest',
51 silly install resolved     _npmVersion: '3.10.3',
51 silly install resolved     _nodeVersion: '6.3.1',
51 silly install resolved     _npmUser: { name: 'ljharb', email: 'ljharb@gmail.com' },
51 silly install resolved     dist:
51 silly install resolved      { shasum: '38a178e9d31b283508c92d15c9da861d1a9210bc',
51 silly install resolved        tarball: 'https://registry.npmjs.org/nvm/-/nvm-0.0.4.tgz' },
51 silly install resolved     maintainers: [ [Object], [Object] ],
51 silly install resolved     _npmOperationalInternal:
51 silly install resolved      { host: 'packages-12-west.internal.npmjs.com',
51 silly install resolved        tmp: 'tmp/nvm-0.0.4.tgz_1470176095991_0.07210978143848479' },
51 silly install resolved     deprecated: 'This is NOT the correct nvm. Visit http://nvm.sh and use the curl command to install it.',
51 silly install resolved     directories: {},
51 silly install resolved     _resolved: 'https://registry.npmjs.org/nvm/-/nvm-0.0.4.tgz' } ]
52 info install nvm@0.0.4 into /usr/local/lib
53 info installOne nvm@0.0.4
54 verbose installOne of nvm to /usr/local/lib not in flight; installing
55 verbose correctMkdir /Users/hackreactor/.npm/_locks correctMkdir not in flight; initializing
56 verbose lock using /Users/hackreactor/.npm/_locks/nvm-68b9e48761174fe5.lock for /usr/local/lib/node_modules/nvm
57 silly install write writing nvm 0.0.4 to /usr/local/lib/node_modules/nvm
58 verbose unbuild lib/node_modules/nvm
59 silly gentlyRm /usr/local/lib/node_modules/nvm is being purged from base /usr/local
60 verbose gentlyRm don't care about contents; nuking /usr/local/lib/node_modules/nvm
61 verbose tar unpack /Users/hackreactor/.npm/nvm/0.0.4/package.tgz
62 verbose tar unpacking to /usr/local/lib/node_modules/nvm
63 silly gentlyRm /usr/local/lib/node_modules/nvm is being purged
64 verbose gentlyRm don't care about contents; nuking /usr/local/lib/node_modules/nvm
65 silly gunzTarPerm modes [ '755', '644' ]
66 error tar.unpack untar error /Users/hackreactor/.npm/nvm/0.0.4/package.tgz
67 verbose unlock done using /Users/hackreactor/.npm/_locks/nvm-68b9e48761174fe5.lock for /usr/local/lib/node_modules/nvm
68 verbose fstream_path /usr/local/lib/node_modules/nvm
69 verbose fstream_type Directory
70 verbose fstream_class DirWriter
71 verbose stack Error: EACCES: permission denied, mkdir '/usr/local/lib/node_modules/nvm'
71 verbose stack     at Error (native)
72 verbose fstream_stack /usr/local/lib/node_modules/npm/node_modules/fstream/lib/dir-writer.js:35:25
72 verbose fstream_stack /usr/local/lib/node_modules/npm/node_modules/mkdirp/index.js:47:53
72 verbose fstream_stack FSReqWrap.oncomplete (fs.js:82:15)
73 verbose cwd /Users/hackreactor/test/reviews
74 error Darwin 18.6.0
75 error argv "/usr/local/bin/node" "/usr/local/bin/npm" "install" "-g" "nvm"
76 error node v4.4.3
77 error npm  v2.15.1
78 error path /usr/local/lib/node_modules/nvm
79 error code EACCES
80 error errno -13
81 error syscall mkdir
82 error Error: EACCES: permission denied, mkdir '/usr/local/lib/node_modules/nvm'
82 error     at Error (native)
82 error  { [Error: EACCES: permission denied, mkdir '/usr/local/lib/node_modules/nvm']
82 error   errno: -13,
82 error   code: 'EACCES',
82 error   syscall: 'mkdir',
82 error   path: '/usr/local/lib/node_modules/nvm',
82 error   fstream_type: 'Directory',
82 error   fstream_path: '/usr/local/lib/node_modules/nvm',
82 error   fstream_class: 'DirWriter',
82 error   fstream_stack:
82 error    [ '/usr/local/lib/node_modules/npm/node_modules/fstream/lib/dir-writer.js:35:25',
82 error      '/usr/local/lib/node_modules/npm/node_modules/mkdirp/index.js:47:53',
82 error      'FSReqWrap.oncomplete (fs.js:82:15)' ] }
83 error Please try running this command again as root/Administrator.
84 verbose exit [ -13, true ]
85 verbose unbuild lib/node_modules/nvm
86 silly gentlyRm /usr/local/lib/node_modules/nvm is being purged from base /usr/local
87 verbose gentlyRm don't care about contents; nuking /usr/local/lib/node_modules/nvm
